<?xml version="1.0" encoding="UTF-8"?>
<!-- Generated by org.testng.reporters.JUnitReportReporter -->
<testsuite skipped="0" hostname="Naty" name="test.HomePageValidation" tests="1" failures="0" timestamp="4 Dec 2022 20:36:02 GMT" time="3.179" errors="0">
  <testcase name="userIsAbleToAddCategory" time="3.179" classname="test.HomePageValidation"/>
</testsuite> <!-- test.HomePageValidation -->
