<?xml version="1.0" encoding="UTF-8"?>
<!-- Generated by org.testng.reporters.JUnitReportReporter -->
<testsuite skipped="0" hostname="Naty" name="test.DropDown" tests="1" failures="0" timestamp="10 Dec 2022 22:06:25 GMT" time="0.255" errors="0">
  <testcase name="dropdownvalidation" time="0.255" classname="test.DropDown"/>
</testsuite> <!-- test.DropDown -->
