<?xml version="1.0" encoding="UTF-8"?>
<!-- Generated by org.testng.reporters.JUnitReportReporter -->
<testsuite skipped="0" hostname="Naty" name="test.AddNewCategory" tests="1" failures="0" timestamp="10 Dec 2022 22:03:45 GMT" time="8.150" errors="0">
  <testcase name="addNewCategoryAndValidate" time="8.150" classname="test.AddNewCategory"/>
</testsuite> <!-- test.AddNewCategory -->
